[16:40:38] [Server thread/INFO]: Starting minecraft server version 1.7.2
[16:40:38] [Server thread/INFO]: Loading properties
[16:40:38] [Server thread/INFO]: Default game type: SURVIVAL
[16:40:38] [Server thread/INFO]: Generating keypair
[16:40:38] [Server thread/INFO]: Starting Minecraft server on *:25565
[16:40:38] [Server thread/WARN]: **** SERVER IS RUNNING IN OFFLINE/INSECURE MODE!
[16:40:38] [Server thread/WARN]: The server will make no attempt to authenticate usernames. Beware.
[16:40:38] [Server thread/WARN]: While this makes the game possible to play without internet access, it also opens up the ability for hackers to connect with any username they choose.
[16:40:38] [Server thread/WARN]: To change this, set "online-mode" to "true" in the server.properties file.
[16:40:38] [Server thread/INFO]: Preparing level "world"
[16:40:38] [Server thread/INFO]: Preparing start region for level 0
[16:40:39] [Server thread/INFO]: Preparing spawn area: 8%
[16:40:40] [Server thread/INFO]: Preparing spawn area: 22%
[16:40:41] [Server thread/INFO]: Preparing spawn area: 43%
[16:40:42] [Server thread/INFO]: Preparing spawn area: 59%
[16:40:43] [Server thread/INFO]: Preparing spawn area: 79%
[16:40:44] [Server thread/INFO]: Done (6.033s)! For help, type "help" or "?"
[16:40:49] [Server thread/INFO]: qwqw[/[0:0:0:0:0:0:0:1]:33048] logged in with entity id 739 at (-77.5, 64.0, -51.5)
[16:40:49] [Server thread/INFO]: qwqw joined the game
[16:41:06] [Server thread/INFO]: [qwqw: Set own game mode to Creative Mode]
[16:41:09] [Server thread/INFO]: qwqw has just earned the achievement [Taking Inventory]
[16:41:25] [Server thread/INFO]: Alsnj20[/[0:0:0:0:0:0:0:1]:39390] logged in with entity id 1713 at (-74.5, 64.0, -39.5)
[16:41:25] [Server thread/INFO]: Alsnj20 joined the game
[16:41:27] [Server thread/INFO]: Alsnj20 lost connection: TextComponent{text='Disconnected', siblings=[], style=Style{hasParent=false, color=null, bold=null, italic=null, underlined=null, obfuscated=null, clickEvent=null, hoverEvent=null}}
[16:41:27] [Server thread/INFO]: Alsnj20 left the game
[16:43:26] [Server thread/INFO]: Alsnj20[/[0:0:0:0:0:0:0:1]:56266] logged in with entity id 2893 at (-74.5, 64.0, -39.5)
[16:43:26] [Server thread/INFO]: Alsnj20 joined the game
[16:43:27] [Server thread/INFO]: Alsnj20 lost connection: TextComponent{text='Disconnected', siblings=[], style=Style{hasParent=false, color=null, bold=null, italic=null, underlined=null, obfuscated=null, clickEvent=null, hoverEvent=null}}
[16:43:27] [Server thread/INFO]: Alsnj20 left the game
[16:55:27] [Server thread/INFO]: Alsnj20[/[0:0:0:0:0:0:0:1]:34760] logged in with entity id 8035 at (-74.5, 64.0, -39.5)
[16:55:27] [Server thread/INFO]: Alsnj20 joined the game
[16:57:09] [Server thread/INFO]: [qwqw: Teleported Alsnj20 to qwqw]
[16:59:54] [Server thread/INFO]: Alsnj20 blew up
[17:03:18] [Server thread/INFO]: [qwqw: Changing to clear weather]
