[02:13:46] [Server thread/INFO]: Starting minecraft server version 1.12.2
[02:13:46] [Server thread/INFO]: Loading properties
[02:13:46] [Server thread/INFO]: Default game type: SURVIVAL
[02:13:46] [Server thread/INFO]: Generating keypair
[02:13:47] [Server thread/INFO]: Starting Minecraft server on *:25565
[02:13:47] [Server thread/INFO]: Using epoll channel type
[02:13:47] [Server thread/WARN]: **** SERVER IS RUNNING IN OFFLINE/INSECURE MODE!
[02:13:47] [Server thread/WARN]: The server will make no attempt to authenticate usernames. Beware.
[02:13:47] [Server thread/WARN]: While this makes the game possible to play without internet access, it also opens up the ability for hackers to connect with any username they choose.
[02:13:47] [Server thread/WARN]: To change this, set "online-mode" to "true" in the server.properties file.
[02:13:47] [Server thread/INFO]: Preparing level "world"
[02:13:47] [Server thread/INFO]: Loaded 488 advancements
[02:13:48] [Server thread/INFO]: Preparing start region for level 0
[02:13:49] [Server thread/INFO]: Preparing spawn area: 8%
[02:13:50] [Server thread/INFO]: Preparing spawn area: 17%
[02:13:51] [Server thread/INFO]: Preparing spawn area: 30%
[02:13:52] [Server thread/INFO]: Preparing spawn area: 46%
[02:13:53] [Server thread/INFO]: Preparing spawn area: 60%
[02:13:54] [Server thread/INFO]: Preparing spawn area: 74%
[02:13:55] [Server thread/INFO]: Preparing spawn area: 86%
[02:13:56] [Server thread/INFO]: Done (8.886s)! For help, type "help" or "?"
[02:14:15] [Server thread/INFO]: --- Showing help page 1 of 10 (/help <page>) ---
[02:14:15] [Server thread/INFO]: /advancement <grant|revoke|test> <player>
[02:14:15] [Server thread/INFO]: /ban <name> [reason ...]
[02:14:15] [Server thread/INFO]: /ban-ip <address|name> [reason ...]
[02:14:15] [Server thread/INFO]: /banlist [ips|players]
[02:14:15] [Server thread/INFO]: /blockdata <x> <y> <z> <dataTag>
[02:14:15] [Server thread/INFO]: /clear [player] [item] [data] [maxCount] [dataTag]
[02:14:15] [Server thread/INFO]: /clone <x1> <y1> <z1> <x2> <y2> <z2> <x> <y> <z> [maskMode] [cloneMode]
[02:14:15] [Server thread/INFO]: Tip: Use the <tab> key while typing a command to auto-complete the command or its arguments
[02:14:19] [Server Shutdown Thread/INFO]: Stopping server
